2016-05-01 00:12:31 INFO  ServerApp:44 - Jersey app started with WADL available at http://localhost:8080/expressions/application.wadl
Hit enter to stop it...
2016-05-01 00:13:05 INFO  ServerApp:44 - trooloJersey app started with WADL available at http://localhost:8080/expressions/application.wadl
Hit enter to stop it...
2016-05-01 00:13:25 INFO  ServerApp:42 - Jersey app started with WADL available at http://localhost:8080/expressions/application.wadl
Hit enter to stop it...
2016-05-01 00:17:09 INFO  ServiceProperties:37 - http://localhost:8080/expressions/
2016-05-01 00:17:10 INFO  ServerApp:42 - Jersey app started with WADL available at http://localhost:8080/expressions/application.wadl
Hit enter to stop it...
2016-05-01 00:18:04 INFO  ServiceProperties:37 - http://localhost:8080/expressions/
2016-05-01 00:18:05 INFO  ServerApp:42 - Jersey app started with WADL available at http://localhost:8080/expressions/application.wadl
Hit enter to stop it...
2016-05-01 01:46:45 INFO  ServiceProperties:37 - http://localhost:8080/expressions/
2016-05-01 01:46:46 INFO  ServerApp:36 - Jersey app started with WADL available at http://localhost:8080/expressions/application.wadl
Hit enter to stop it...
2016-05-01 03:42:31 INFO  ServiceProperties:37 - http://localhost:8080/expressions/
2016-05-01 03:42:32 INFO  ServerApp:36 - Jersey app started with WADL available at http://localhost:8080/expressions/application.wadl
Hit enter to stop it...
2016-05-01 03:44:09 INFO  JsonExpressionHandler:60 - json: {"expression":"(+)","nodes":[{"expression":"("},{"expression":"+","nodes":[{"expression":"+"}]},{"expression":")"}]}
2016-05-01 03:49:35 ERROR JsonExpressionHandler:52 - failed to parse at line 1 due to mismatched input '\r\n' expecting {'*', '/', '+', '-', '--', '(', ')'}
org.antlr.v4.runtime.InputMismatchException
	at org.antlr.v4.runtime.DefaultErrorStrategy.sync(DefaultErrorStrategy.java:268)
	at ru.yandex.grammatic.CalculatorParser.arithmetic_expr(CalculatorParser.java:342)
	at ru.yandex.grammatic.CalculatorParser.arithmetic_expr(CalculatorParser.java:411)
	at ru.yandex.grammatic.CalculatorParser.arithmetic_expr(CalculatorParser.java:353)
	at ru.yandex.grammatic.CalculatorParser.single_rule(CalculatorParser.java:175)
	at ru.yandex.grammatic.CalculatorParser.prog(CalculatorParser.java:121)
	at ru.yandex.core.JsonExpressionHandler.getJsonTreeFromExpression(JsonExpressionHandler.java:57)
	at ru.yandex.rest.ExpressionService.getTree(ExpressionService.java:27)
	at sun.reflect.NativeMethodAccessorImpl.invoke0(Native Method)
	at sun.reflect.NativeMethodAccessorImpl.invoke(NativeMethodAccessorImpl.java:62)
	at sun.reflect.DelegatingMethodAccessorImpl.invoke(DelegatingMethodAccessorImpl.java:43)
	at java.lang.reflect.Method.invoke(Method.java:497)
	at org.glassfish.jersey.server.model.internal.ResourceMethodInvocationHandlerFactory$1.invoke(ResourceMethodInvocationHandlerFactory.java:81)
	at org.glassfish.jersey.server.model.internal.AbstractJavaResourceMethodDispatcher$1.run(AbstractJavaResourceMethodDispatcher.java:164)
	at org.glassfish.jersey.server.model.internal.AbstractJavaResourceMethodDispatcher.invoke(AbstractJavaResourceMethodDispatcher.java:181)
	at org.glassfish.jersey.server.model.internal.JavaResourceMethodDispatcherProvider$TypeOutInvoker.doDispatch(JavaResourceMethodDispatcherProvider.java:203)
	at org.glassfish.jersey.server.model.internal.AbstractJavaResourceMethodDispatcher.dispatch(AbstractJavaResourceMethodDispatcher.java:101)
	at org.glassfish.jersey.server.model.ResourceMethodInvoker.invoke(ResourceMethodInvoker.java:389)
	at org.glassfish.jersey.server.model.ResourceMethodInvoker.apply(ResourceMethodInvoker.java:347)
	at org.glassfish.jersey.server.model.ResourceMethodInvoker.apply(ResourceMethodInvoker.java:102)
	at org.glassfish.jersey.server.ServerRuntime$2.run(ServerRuntime.java:305)
	at org.glassfish.jersey.internal.Errors$1.call(Errors.java:271)
	at org.glassfish.jersey.internal.Errors$1.call(Errors.java:267)
	at org.glassfish.jersey.internal.Errors.process(Errors.java:315)
	at org.glassfish.jersey.internal.Errors.process(Errors.java:297)
	at org.glassfish.jersey.internal.Errors.process(Errors.java:267)
	at org.glassfish.jersey.process.internal.RequestScope.runInScope(RequestScope.java:317)
	at org.glassfish.jersey.server.ServerRuntime.process(ServerRuntime.java:288)
	at org.glassfish.jersey.server.ApplicationHandler.handle(ApplicationHandler.java:1110)
	at org.glassfish.jersey.grizzly2.httpserver.GrizzlyHttpContainer.service(GrizzlyHttpContainer.java:381)
	at org.glassfish.grizzly.http.server.HttpHandler$1.run(HttpHandler.java:219)
	at org.glassfish.grizzly.threadpool.AbstractThreadPool$Worker.doWork(AbstractThreadPool.java:565)
	at org.glassfish.grizzly.threadpool.AbstractThreadPool$Worker.run(AbstractThreadPool.java:545)
	at java.lang.Thread.run(Thread.java:745)
2016-05-01 03:49:35 ERROR ExpressionService:31 - 400: Bad Requestfailed to parse at line 1 due to mismatched input '\r\n' expecting {'*', '/', '+', '-', '--', '(', ')'}
2016-05-01 03:49:35 INFO  JsonExpressionHandler:60 - json: {"expression":"(+)","nodes":[{"expression":"("},{"expression":"+","nodes":[{"expression":"+"}]},{"expression":")"}]}
2016-05-01 03:51:21 INFO  ServiceProperties:37 - http://localhost:8080/expressions/
2016-05-01 03:51:22 INFO  ServerApp:41 - Jersey app started with WADL available at http://localhost:8080/expressions/application.wadl
Hit enter to stop it...
2016-05-01 03:51:30 ERROR JsonExpressionHandler:52 - failed to parse at line 1 due to mismatched input '\r\n' expecting {'*', '/', '+', '-', '--', '(', ')'}
org.antlr.v4.runtime.InputMismatchException
	at org.antlr.v4.runtime.DefaultErrorStrategy.sync(DefaultErrorStrategy.java:268)
	at ru.yandex.grammatic.CalculatorParser.arithmetic_expr(CalculatorParser.java:342)
	at ru.yandex.grammatic.CalculatorParser.arithmetic_expr(CalculatorParser.java:411)
	at ru.yandex.grammatic.CalculatorParser.arithmetic_expr(CalculatorParser.java:353)
	at ru.yandex.grammatic.CalculatorParser.single_rule(CalculatorParser.java:175)
	at ru.yandex.grammatic.CalculatorParser.prog(CalculatorParser.java:121)
	at ru.yandex.core.JsonExpressionHandler.getJsonTreeFromExpression(JsonExpressionHandler.java:57)
	at ru.yandex.rest.ExpressionService.getTree(ExpressionService.java:27)
	at sun.reflect.NativeMethodAccessorImpl.invoke0(Native Method)
	at sun.reflect.NativeMethodAccessorImpl.invoke(NativeMethodAccessorImpl.java:62)
	at sun.reflect.DelegatingMethodAccessorImpl.invoke(DelegatingMethodAccessorImpl.java:43)
	at java.lang.reflect.Method.invoke(Method.java:497)
	at org.glassfish.jersey.server.model.internal.ResourceMethodInvocationHandlerFactory$1.invoke(ResourceMethodInvocationHandlerFactory.java:81)
	at org.glassfish.jersey.server.model.internal.AbstractJavaResourceMethodDispatcher$1.run(AbstractJavaResourceMethodDispatcher.java:164)
	at org.glassfish.jersey.server.model.internal.AbstractJavaResourceMethodDispatcher.invoke(AbstractJavaResourceMethodDispatcher.java:181)
	at org.glassfish.jersey.server.model.internal.JavaResourceMethodDispatcherProvider$TypeOutInvoker.doDispatch(JavaResourceMethodDispatcherProvider.java:203)
	at org.glassfish.jersey.server.model.internal.AbstractJavaResourceMethodDispatcher.dispatch(AbstractJavaResourceMethodDispatcher.java:101)
	at org.glassfish.jersey.server.model.ResourceMethodInvoker.invoke(ResourceMethodInvoker.java:389)
	at org.glassfish.jersey.server.model.ResourceMethodInvoker.apply(ResourceMethodInvoker.java:347)
	at org.glassfish.jersey.server.model.ResourceMethodInvoker.apply(ResourceMethodInvoker.java:102)
	at org.glassfish.jersey.server.ServerRuntime$2.run(ServerRuntime.java:305)
	at org.glassfish.jersey.internal.Errors$1.call(Errors.java:271)
	at org.glassfish.jersey.internal.Errors$1.call(Errors.java:267)
	at org.glassfish.jersey.internal.Errors.process(Errors.java:315)
	at org.glassfish.jersey.internal.Errors.process(Errors.java:297)
	at org.glassfish.jersey.internal.Errors.process(Errors.java:267)
	at org.glassfish.jersey.process.internal.RequestScope.runInScope(RequestScope.java:317)
	at org.glassfish.jersey.server.ServerRuntime.process(ServerRuntime.java:288)
	at org.glassfish.jersey.server.ApplicationHandler.handle(ApplicationHandler.java:1110)
	at org.glassfish.jersey.grizzly2.httpserver.GrizzlyHttpContainer.service(GrizzlyHttpContainer.java:381)
	at org.glassfish.grizzly.http.server.HttpHandler$1.run(HttpHandler.java:219)
	at org.glassfish.grizzly.threadpool.AbstractThreadPool$Worker.doWork(AbstractThreadPool.java:565)
	at org.glassfish.grizzly.threadpool.AbstractThreadPool$Worker.run(AbstractThreadPool.java:545)
	at java.lang.Thread.run(Thread.java:745)
2016-05-01 03:51:30 ERROR ExpressionService:31 - 400: Bad Requestfailed to parse at line 1 due to mismatched input '\r\n' expecting {'*', '/', '+', '-', '--', '(', ')'}
2016-05-01 03:51:30 INFO  JsonExpressionHandler:60 - json: {"expression":"(+)","nodes":[{"expression":"("},{"expression":"+","nodes":[{"expression":"+"}]},{"expression":")"}]}
2016-05-01 03:52:32 INFO  JsonExpressionHandler:60 - json: {"expression":"(+)","nodes":[{"expression":"("},{"expression":"+","nodes":[{"expression":"+"}]},{"expression":")"}]}
2016-05-01 03:52:32 ERROR JsonExpressionHandler:52 - failed to parse at line 1 due to mismatched input '\r\n' expecting {'*', '/', '+', '-', '--', '(', ')'}
org.antlr.v4.runtime.InputMismatchException
	at org.antlr.v4.runtime.DefaultErrorStrategy.sync(DefaultErrorStrategy.java:268)
	at ru.yandex.grammatic.CalculatorParser.arithmetic_expr(CalculatorParser.java:342)
	at ru.yandex.grammatic.CalculatorParser.arithmetic_expr(CalculatorParser.java:411)
	at ru.yandex.grammatic.CalculatorParser.arithmetic_expr(CalculatorParser.java:353)
	at ru.yandex.grammatic.CalculatorParser.single_rule(CalculatorParser.java:175)
	at ru.yandex.grammatic.CalculatorParser.prog(CalculatorParser.java:121)
	at ru.yandex.core.JsonExpressionHandler.getJsonTreeFromExpression(JsonExpressionHandler.java:57)
	at ru.yandex.rest.ExpressionService.getTree(ExpressionService.java:27)
	at sun.reflect.NativeMethodAccessorImpl.invoke0(Native Method)
	at sun.reflect.NativeMethodAccessorImpl.invoke(NativeMethodAccessorImpl.java:62)
	at sun.reflect.DelegatingMethodAccessorImpl.invoke(DelegatingMethodAccessorImpl.java:43)
	at java.lang.reflect.Method.invoke(Method.java:497)
	at org.glassfish.jersey.server.model.internal.ResourceMethodInvocationHandlerFactory$1.invoke(ResourceMethodInvocationHandlerFactory.java:81)
	at org.glassfish.jersey.server.model.internal.AbstractJavaResourceMethodDispatcher$1.run(AbstractJavaResourceMethodDispatcher.java:164)
	at org.glassfish.jersey.server.model.internal.AbstractJavaResourceMethodDispatcher.invoke(AbstractJavaResourceMethodDispatcher.java:181)
	at org.glassfish.jersey.server.model.internal.JavaResourceMethodDispatcherProvider$TypeOutInvoker.doDispatch(JavaResourceMethodDispatcherProvider.java:203)
	at org.glassfish.jersey.server.model.internal.AbstractJavaResourceMethodDispatcher.dispatch(AbstractJavaResourceMethodDispatcher.java:101)
	at org.glassfish.jersey.server.model.ResourceMethodInvoker.invoke(ResourceMethodInvoker.java:389)
	at org.glassfish.jersey.server.model.ResourceMethodInvoker.apply(ResourceMethodInvoker.java:347)
	at org.glassfish.jersey.server.model.ResourceMethodInvoker.apply(ResourceMethodInvoker.java:102)
	at org.glassfish.jersey.server.ServerRuntime$2.run(ServerRuntime.java:305)
	at org.glassfish.jersey.internal.Errors$1.call(Errors.java:271)
	at org.glassfish.jersey.internal.Errors$1.call(Errors.java:267)
	at org.glassfish.jersey.internal.Errors.process(Errors.java:315)
	at org.glassfish.jersey.internal.Errors.process(Errors.java:297)
	at org.glassfish.jersey.internal.Errors.process(Errors.java:267)
	at org.glassfish.jersey.process.internal.RequestScope.runInScope(RequestScope.java:317)
	at org.glassfish.jersey.server.ServerRuntime.process(ServerRuntime.java:288)
	at org.glassfish.jersey.server.ApplicationHandler.handle(ApplicationHandler.java:1110)
	at org.glassfish.jersey.grizzly2.httpserver.GrizzlyHttpContainer.service(GrizzlyHttpContainer.java:381)
	at org.glassfish.grizzly.http.server.HttpHandler$1.run(HttpHandler.java:219)
	at org.glassfish.grizzly.threadpool.AbstractThreadPool$Worker.doWork(AbstractThreadPool.java:565)
	at org.glassfish.grizzly.threadpool.AbstractThreadPool$Worker.run(AbstractThreadPool.java:545)
	at java.lang.Thread.run(Thread.java:745)
2016-05-01 03:52:32 ERROR ExpressionService:31 - 400: Bad Requestfailed to parse at line 1 due to mismatched input '\r\n' expecting {'*', '/', '+', '-', '--', '(', ')'}
2016-05-01 03:52:32 INFO  JsonExpressionHandler:60 - json: {"expression":"(+)","nodes":[{"expression":"("},{"expression":"+","nodes":[{"expression":"+"}]},{"expression":")"}]}
2016-05-01 04:03:03 INFO  JsonExpressionHandler:60 - json: {"expression":"(+)","nodes":[{"expression":"("},{"expression":"+","nodes":[{"expression":"+"}]},{"expression":")"}]}
2016-05-01 04:03:03 ERROR JsonExpressionHandler:52 - failed to parse at line 1 due to mismatched input '\r\n' expecting {'*', '/', '+', '-', '--', '(', ')'}
org.antlr.v4.runtime.InputMismatchException
	at org.antlr.v4.runtime.DefaultErrorStrategy.sync(DefaultErrorStrategy.java:268)
	at ru.yandex.grammatic.CalculatorParser.arithmetic_expr(CalculatorParser.java:342)
	at ru.yandex.grammatic.CalculatorParser.arithmetic_expr(CalculatorParser.java:411)
	at ru.yandex.grammatic.CalculatorParser.arithmetic_expr(CalculatorParser.java:353)
	at ru.yandex.grammatic.CalculatorParser.single_rule(CalculatorParser.java:175)
	at ru.yandex.grammatic.CalculatorParser.prog(CalculatorParser.java:121)
	at ru.yandex.core.JsonExpressionHandler.getJsonTreeFromExpression(JsonExpressionHandler.java:57)
	at ru.yandex.rest.ExpressionService.getTree(ExpressionService.java:27)
	at sun.reflect.NativeMethodAccessorImpl.invoke0(Native Method)
	at sun.reflect.NativeMethodAccessorImpl.invoke(NativeMethodAccessorImpl.java:62)
	at sun.reflect.DelegatingMethodAccessorImpl.invoke(DelegatingMethodAccessorImpl.java:43)
	at java.lang.reflect.Method.invoke(Method.java:497)
	at org.glassfish.jersey.server.model.internal.ResourceMethodInvocationHandlerFactory$1.invoke(ResourceMethodInvocationHandlerFactory.java:81)
	at org.glassfish.jersey.server.model.internal.AbstractJavaResourceMethodDispatcher$1.run(AbstractJavaResourceMethodDispatcher.java:164)
	at org.glassfish.jersey.server.model.internal.AbstractJavaResourceMethodDispatcher.invoke(AbstractJavaResourceMethodDispatcher.java:181)
	at org.glassfish.jersey.server.model.internal.JavaResourceMethodDispatcherProvider$TypeOutInvoker.doDispatch(JavaResourceMethodDispatcherProvider.java:203)
	at org.glassfish.jersey.server.model.internal.AbstractJavaResourceMethodDispatcher.dispatch(AbstractJavaResourceMethodDispatcher.java:101)
	at org.glassfish.jersey.server.model.ResourceMethodInvoker.invoke(ResourceMethodInvoker.java:389)
	at org.glassfish.jersey.server.model.ResourceMethodInvoker.apply(ResourceMethodInvoker.java:347)
	at org.glassfish.jersey.server.model.ResourceMethodInvoker.apply(ResourceMethodInvoker.java:102)
	at org.glassfish.jersey.server.ServerRuntime$2.run(ServerRuntime.java:305)
	at org.glassfish.jersey.internal.Errors$1.call(Errors.java:271)
	at org.glassfish.jersey.internal.Errors$1.call(Errors.java:267)
	at org.glassfish.jersey.internal.Errors.process(Errors.java:315)
	at org.glassfish.jersey.internal.Errors.process(Errors.java:297)
	at org.glassfish.jersey.internal.Errors.process(Errors.java:267)
	at org.glassfish.jersey.process.internal.RequestScope.runInScope(RequestScope.java:317)
	at org.glassfish.jersey.server.ServerRuntime.process(ServerRuntime.java:288)
	at org.glassfish.jersey.server.ApplicationHandler.handle(ApplicationHandler.java:1110)
	at org.glassfish.jersey.grizzly2.httpserver.GrizzlyHttpContainer.service(GrizzlyHttpContainer.java:381)
	at org.glassfish.grizzly.http.server.HttpHandler$1.run(HttpHandler.java:219)
	at org.glassfish.grizzly.threadpool.AbstractThreadPool$Worker.doWork(AbstractThreadPool.java:565)
	at org.glassfish.grizzly.threadpool.AbstractThreadPool$Worker.run(AbstractThreadPool.java:545)
	at java.lang.Thread.run(Thread.java:745)
2016-05-01 04:03:03 ERROR ExpressionService:31 - 400: Bad Requestfailed to parse at line 1 due to mismatched input '\r\n' expecting {'*', '/', '+', '-', '--', '(', ')'}
2016-05-01 04:03:03 INFO  JsonExpressionHandler:60 - json: {"expression":"(+)","nodes":[{"expression":"("},{"expression":"+","nodes":[{"expression":"+"}]},{"expression":")"}]}
2016-05-01 04:04:34 INFO  JsonExpressionHandler:60 - json: {"expression":"(+)","nodes":[{"expression":"("},{"expression":"+","nodes":[{"expression":"+"}]},{"expression":")"}]}
2016-05-01 04:04:34 ERROR JsonExpressionHandler:52 - failed to parse at line 1 due to mismatched input '\r\n' expecting {'*', '/', '+', '-', '--', '(', ')'}
org.antlr.v4.runtime.InputMismatchException
	at org.antlr.v4.runtime.DefaultErrorStrategy.sync(DefaultErrorStrategy.java:268)
	at ru.yandex.grammatic.CalculatorParser.arithmetic_expr(CalculatorParser.java:342)
	at ru.yandex.grammatic.CalculatorParser.arithmetic_expr(CalculatorParser.java:411)
	at ru.yandex.grammatic.CalculatorParser.arithmetic_expr(CalculatorParser.java:353)
	at ru.yandex.grammatic.CalculatorParser.single_rule(CalculatorParser.java:175)
	at ru.yandex.grammatic.CalculatorParser.prog(CalculatorParser.java:121)
	at ru.yandex.core.JsonExpressionHandler.getJsonTreeFromExpression(JsonExpressionHandler.java:57)
	at ru.yandex.rest.ExpressionService.getTree(ExpressionService.java:27)
	at sun.reflect.NativeMethodAccessorImpl.invoke0(Native Method)
	at sun.reflect.NativeMethodAccessorImpl.invoke(NativeMethodAccessorImpl.java:62)
	at sun.reflect.DelegatingMethodAccessorImpl.invoke(DelegatingMethodAccessorImpl.java:43)
	at java.lang.reflect.Method.invoke(Method.java:497)
	at org.glassfish.jersey.server.model.internal.ResourceMethodInvocationHandlerFactory$1.invoke(ResourceMethodInvocationHandlerFactory.java:81)
	at org.glassfish.jersey.server.model.internal.AbstractJavaResourceMethodDispatcher$1.run(AbstractJavaResourceMethodDispatcher.java:164)
	at org.glassfish.jersey.server.model.internal.AbstractJavaResourceMethodDispatcher.invoke(AbstractJavaResourceMethodDispatcher.java:181)
	at org.glassfish.jersey.server.model.internal.JavaResourceMethodDispatcherProvider$TypeOutInvoker.doDispatch(JavaResourceMethodDispatcherProvider.java:203)
	at org.glassfish.jersey.server.model.internal.AbstractJavaResourceMethodDispatcher.dispatch(AbstractJavaResourceMethodDispatcher.java:101)
	at org.glassfish.jersey.server.model.ResourceMethodInvoker.invoke(ResourceMethodInvoker.java:389)
	at org.glassfish.jersey.server.model.ResourceMethodInvoker.apply(ResourceMethodInvoker.java:347)
	at org.glassfish.jersey.server.model.ResourceMethodInvoker.apply(ResourceMethodInvoker.java:102)
	at org.glassfish.jersey.server.ServerRuntime$2.run(ServerRuntime.java:305)
	at org.glassfish.jersey.internal.Errors$1.call(Errors.java:271)
	at org.glassfish.jersey.internal.Errors$1.call(Errors.java:267)
	at org.glassfish.jersey.internal.Errors.process(Errors.java:315)
	at org.glassfish.jersey.internal.Errors.process(Errors.java:297)
	at org.glassfish.jersey.internal.Errors.process(Errors.java:267)
	at org.glassfish.jersey.process.internal.RequestScope.runInScope(RequestScope.java:317)
	at org.glassfish.jersey.server.ServerRuntime.process(ServerRuntime.java:288)
	at org.glassfish.jersey.server.ApplicationHandler.handle(ApplicationHandler.java:1110)
	at org.glassfish.jersey.grizzly2.httpserver.GrizzlyHttpContainer.service(GrizzlyHttpContainer.java:381)
	at org.glassfish.grizzly.http.server.HttpHandler$1.run(HttpHandler.java:219)
	at org.glassfish.grizzly.threadpool.AbstractThreadPool$Worker.doWork(AbstractThreadPool.java:565)
	at org.glassfish.grizzly.threadpool.AbstractThreadPool$Worker.run(AbstractThreadPool.java:545)
	at java.lang.Thread.run(Thread.java:745)
2016-05-01 04:04:34 ERROR ExpressionService:31 - 400: Bad Requestfailed to parse at line 1 due to mismatched input '\r\n' expecting {'*', '/', '+', '-', '--', '(', ')'}
2016-05-01 04:04:34 INFO  JsonExpressionHandler:60 - json: {"expression":"(+)","nodes":[{"expression":"("},{"expression":"+","nodes":[{"expression":"+"}]},{"expression":")"}]}
2016-05-01 04:05:01 INFO  JsonExpressionHandler:60 - json: {"expression":"(+)","nodes":[{"expression":"("},{"expression":"+","nodes":[{"expression":"+"}]},{"expression":")"}]}
2016-05-01 04:05:01 ERROR JsonExpressionHandler:52 - failed to parse at line 1 due to mismatched input '\r\n' expecting {'*', '/', '+', '-', '--', '(', ')'}
org.antlr.v4.runtime.InputMismatchException
	at org.antlr.v4.runtime.DefaultErrorStrategy.sync(DefaultErrorStrategy.java:268)
	at ru.yandex.grammatic.CalculatorParser.arithmetic_expr(CalculatorParser.java:342)
	at ru.yandex.grammatic.CalculatorParser.arithmetic_expr(CalculatorParser.java:411)
	at ru.yandex.grammatic.CalculatorParser.arithmetic_expr(CalculatorParser.java:353)
	at ru.yandex.grammatic.CalculatorParser.single_rule(CalculatorParser.java:175)
	at ru.yandex.grammatic.CalculatorParser.prog(CalculatorParser.java:121)
	at ru.yandex.core.JsonExpressionHandler.getJsonTreeFromExpression(JsonExpressionHandler.java:57)
	at ru.yandex.rest.ExpressionService.getTree(ExpressionService.java:27)
	at sun.reflect.NativeMethodAccessorImpl.invoke0(Native Method)
	at sun.reflect.NativeMethodAccessorImpl.invoke(NativeMethodAccessorImpl.java:62)
	at sun.reflect.DelegatingMethodAccessorImpl.invoke(DelegatingMethodAccessorImpl.java:43)
	at java.lang.reflect.Method.invoke(Method.java:497)
	at org.glassfish.jersey.server.model.internal.ResourceMethodInvocationHandlerFactory$1.invoke(ResourceMethodInvocationHandlerFactory.java:81)
	at org.glassfish.jersey.server.model.internal.AbstractJavaResourceMethodDispatcher$1.run(AbstractJavaResourceMethodDispatcher.java:164)
	at org.glassfish.jersey.server.model.internal.AbstractJavaResourceMethodDispatcher.invoke(AbstractJavaResourceMethodDispatcher.java:181)
	at org.glassfish.jersey.server.model.internal.JavaResourceMethodDispatcherProvider$TypeOutInvoker.doDispatch(JavaResourceMethodDispatcherProvider.java:203)
	at org.glassfish.jersey.server.model.internal.AbstractJavaResourceMethodDispatcher.dispatch(AbstractJavaResourceMethodDispatcher.java:101)
	at org.glassfish.jersey.server.model.ResourceMethodInvoker.invoke(ResourceMethodInvoker.java:389)
	at org.glassfish.jersey.server.model.ResourceMethodInvoker.apply(ResourceMethodInvoker.java:347)
	at org.glassfish.jersey.server.model.ResourceMethodInvoker.apply(ResourceMethodInvoker.java:102)
	at org.glassfish.jersey.server.ServerRuntime$2.run(ServerRuntime.java:305)
	at org.glassfish.jersey.internal.Errors$1.call(Errors.java:271)
	at org.glassfish.jersey.internal.Errors$1.call(Errors.java:267)
	at org.glassfish.jersey.internal.Errors.process(Errors.java:315)
	at org.glassfish.jersey.internal.Errors.process(Errors.java:297)
	at org.glassfish.jersey.internal.Errors.process(Errors.java:267)
	at org.glassfish.jersey.process.internal.RequestScope.runInScope(RequestScope.java:317)
	at org.glassfish.jersey.server.ServerRuntime.process(ServerRuntime.java:288)
	at org.glassfish.jersey.server.ApplicationHandler.handle(ApplicationHandler.java:1110)
	at org.glassfish.jersey.grizzly2.httpserver.GrizzlyHttpContainer.service(GrizzlyHttpContainer.java:381)
	at org.glassfish.grizzly.http.server.HttpHandler$1.run(HttpHandler.java:219)
	at org.glassfish.grizzly.threadpool.AbstractThreadPool$Worker.doWork(AbstractThreadPool.java:565)
	at org.glassfish.grizzly.threadpool.AbstractThreadPool$Worker.run(AbstractThreadPool.java:545)
	at java.lang.Thread.run(Thread.java:745)
2016-05-01 04:05:01 ERROR ExpressionService:31 - 400: Bad Requestfailed to parse at line 1 due to mismatched input '\r\n' expecting {'*', '/', '+', '-', '--', '(', ')'}
2016-05-01 04:05:01 INFO  JsonExpressionHandler:60 - json: {"expression":"(+)","nodes":[{"expression":"("},{"expression":"+","nodes":[{"expression":"+"}]},{"expression":")"}]}
2016-05-01 04:06:36 INFO  JsonExpressionHandler:60 - json: {"expression":"(+)","nodes":[{"expression":"("},{"expression":"+","nodes":[{"expression":"+"}]},{"expression":")"}]}
2016-05-01 04:06:36 ERROR JsonExpressionHandler:52 - failed to parse at line 1 due to mismatched input '\r\n' expecting {'*', '/', '+', '-', '--', '(', ')'}
org.antlr.v4.runtime.InputMismatchException
	at org.antlr.v4.runtime.DefaultErrorStrategy.sync(DefaultErrorStrategy.java:268)
	at ru.yandex.grammatic.CalculatorParser.arithmetic_expr(CalculatorParser.java:342)
	at ru.yandex.grammatic.CalculatorParser.arithmetic_expr(CalculatorParser.java:411)
	at ru.yandex.grammatic.CalculatorParser.arithmetic_expr(CalculatorParser.java:353)
	at ru.yandex.grammatic.CalculatorParser.single_rule(CalculatorParser.java:175)
	at ru.yandex.grammatic.CalculatorParser.prog(CalculatorParser.java:121)
	at ru.yandex.core.JsonExpressionHandler.getJsonTreeFromExpression(JsonExpressionHandler.java:57)
	at ru.yandex.rest.ExpressionService.getTree(ExpressionService.java:27)
	at sun.reflect.NativeMethodAccessorImpl.invoke0(Native Method)
	at sun.reflect.NativeMethodAccessorImpl.invoke(NativeMethodAccessorImpl.java:62)
	at sun.reflect.DelegatingMethodAccessorImpl.invoke(DelegatingMethodAccessorImpl.java:43)
	at java.lang.reflect.Method.invoke(Method.java:497)
	at org.glassfish.jersey.server.model.internal.ResourceMethodInvocationHandlerFactory$1.invoke(ResourceMethodInvocationHandlerFactory.java:81)
	at org.glassfish.jersey.server.model.internal.AbstractJavaResourceMethodDispatcher$1.run(AbstractJavaResourceMethodDispatcher.java:164)
	at org.glassfish.jersey.server.model.internal.AbstractJavaResourceMethodDispatcher.invoke(AbstractJavaResourceMethodDispatcher.java:181)
	at org.glassfish.jersey.server.model.internal.JavaResourceMethodDispatcherProvider$TypeOutInvoker.doDispatch(JavaResourceMethodDispatcherProvider.java:203)
	at org.glassfish.jersey.server.model.internal.AbstractJavaResourceMethodDispatcher.dispatch(AbstractJavaResourceMethodDispatcher.java:101)
	at org.glassfish.jersey.server.model.ResourceMethodInvoker.invoke(ResourceMethodInvoker.java:389)
	at org.glassfish.jersey.server.model.ResourceMethodInvoker.apply(ResourceMethodInvoker.java:347)
	at org.glassfish.jersey.server.model.ResourceMethodInvoker.apply(ResourceMethodInvoker.java:102)
	at org.glassfish.jersey.server.ServerRuntime$2.run(ServerRuntime.java:305)
	at org.glassfish.jersey.internal.Errors$1.call(Errors.java:271)
	at org.glassfish.jersey.internal.Errors$1.call(Errors.java:267)
	at org.glassfish.jersey.internal.Errors.process(Errors.java:315)
	at org.glassfish.jersey.internal.Errors.process(Errors.java:297)
	at org.glassfish.jersey.internal.Errors.process(Errors.java:267)
	at org.glassfish.jersey.process.internal.RequestScope.runInScope(RequestScope.java:317)
	at org.glassfish.jersey.server.ServerRuntime.process(ServerRuntime.java:288)
	at org.glassfish.jersey.server.ApplicationHandler.handle(ApplicationHandler.java:1110)
	at org.glassfish.jersey.grizzly2.httpserver.GrizzlyHttpContainer.service(GrizzlyHttpContainer.java:381)
	at org.glassfish.grizzly.http.server.HttpHandler$1.run(HttpHandler.java:219)
	at org.glassfish.grizzly.threadpool.AbstractThreadPool$Worker.doWork(AbstractThreadPool.java:565)
	at org.glassfish.grizzly.threadpool.AbstractThreadPool$Worker.run(AbstractThreadPool.java:545)
	at java.lang.Thread.run(Thread.java:745)
2016-05-01 04:06:36 ERROR ExpressionService:31 - 400: Bad Requestfailed to parse at line 1 due to mismatched input '\r\n' expecting {'*', '/', '+', '-', '--', '(', ')'}
2016-05-01 04:06:36 INFO  JsonExpressionHandler:60 - json: {"expression":"(+)","nodes":[{"expression":"("},{"expression":"+","nodes":[{"expression":"+"}]},{"expression":")"}]}
2016-05-01 04:18:25 INFO  JsonExpressionHandler:60 - json: {"expression":"(+)","nodes":[{"expression":"("},{"expression":"+","nodes":[{"expression":"+"}]},{"expression":")"}]}
