2016-05-01 03:44:08 INFO  ClientProperties:35 - http://localhost:8080/expressions/
2016-05-01 03:49:35 INFO  ClientProperties:35 - http://localhost:8080/expressions/
2016-05-01 03:49:35 INFO  ClientProperties:35 - http://localhost:8080/expressions/
2016-05-01 03:51:29 INFO  ClientProperties:35 - http://localhost:8080/expressions/
2016-05-01 03:51:30 INFO  ClientProperties:35 - http://localhost:8080/expressions/
2016-05-01 03:52:31 INFO  ClientProperties:35 - http://localhost:8080/expressions/
2016-05-01 03:52:32 INFO  ClientProperties:35 - http://localhost:8080/expressions/
2016-05-01 03:52:32 INFO  ClientProperties:35 - http://localhost:8080/expressions/
2016-05-01 04:03:03 INFO  ClientProperties:35 - http://localhost:8080/expressions/
2016-05-01 04:03:03 INFO  ClientProperties:35 - http://localhost:8080/expressions/
2016-05-01 04:03:03 INFO  ClientProperties:35 - http://localhost:8080/expressions/
2016-05-01 04:04:34 INFO  ClientProperties:35 - http://localhost:8080/expressions/
2016-05-01 04:04:34 INFO  ClientProperties:35 - http://localhost:8080/expressions/
2016-05-01 04:04:34 INFO  ClientProperties:35 - http://localhost:8080/expressions/
2016-05-01 04:05:01 INFO  ClientProperties:35 - http://localhost:8080/expressions/
2016-05-01 04:05:01 INFO  ClientProperties:35 - http://localhost:8080/expressions/
2016-05-01 04:05:01 INFO  ClientProperties:35 - http://localhost:8080/expressions/
2016-05-01 04:06:35 INFO  ClientProperties:35 - http://localhost:8080/expressions/
2016-05-01 04:06:36 INFO  ClientProperties:35 - http://localhost:8080/expressions/
2016-05-01 04:06:36 INFO  ClientProperties:35 - http://localhost:8080/expressions/
2016-05-01 11:19:36 INFO  ClientProperties:35 - http://localhost:8080/expressions/
2016-05-01 11:19:37 INFO  ClientProperties:35 - http://localhost:8080/expressions/
2016-05-01 11:19:37 INFO  ClientProperties:35 - http://localhost:8080/expressions/
2016-05-01 11:22:49 INFO  ClientProperties:35 - http://localhost:8080/expressions/
2016-05-01 11:22:49 INFO  ClientProperties:35 - http://localhost:8080/expressions/
2016-05-01 11:22:49 INFO  ClientProperties:35 - http://localhost:8080/expressions/
2016-05-01 11:22:49 INFO  ClientProperties:35 - http://localhost:8080/expressions/
2016-05-01 11:23:14 INFO  ClientProperties:35 - http://localhost:8080/expressions/
2016-05-01 11:24:02 INFO  ClientProperties:35 - http://localhost:8080/expressions/
2016-05-01 11:25:59 INFO  ClientProperties:35 - http://localhost:8080/expressions/
2016-05-01 11:26:22 INFO  ClientProperties:35 - http://localhost:8080/expressions/
2016-05-01 11:26:22 INFO  ClientProperties:35 - http://localhost:8080/expressions/
2016-05-01 11:26:22 INFO  ClientProperties:35 - http://localhost:8080/expressions/
2016-05-01 11:26:22 INFO  ClientProperties:35 - http://localhost:8080/expressions/
2016-05-01 11:27:13 INFO  ClientProperties:35 - http://localhost:8080/expressions/
2016-05-01 11:27:14 INFO  ClientProperties:35 - http://localhost:8080/expressions/
2016-05-01 11:27:14 INFO  ClientProperties:35 - http://localhost:8080/expressions/
2016-05-01 11:27:14 INFO  ClientProperties:35 - http://localhost:8080/expressions/
2016-05-01 11:28:35 INFO  ClientProperties:35 - http://localhost:8080/expressions/
2016-05-01 11:28:35 INFO  ClientProperties:35 - http://localhost:8080/expressions/
2016-05-01 11:28:35 INFO  ClientProperties:35 - http://localhost:8080/expressions/
2016-05-01 11:28:35 INFO  ClientProperties:35 - http://localhost:8080/expressions/
2016-05-01 11:29:09 INFO  ClientProperties:35 - http://localhost:8080/expressions/
2016-05-01 11:29:10 INFO  ClientProperties:35 - http://localhost:8080/expressions/
2016-05-01 11:29:10 INFO  ClientProperties:35 - http://localhost:8080/expressions/
2016-05-01 11:29:10 INFO  ClientProperties:35 - http://localhost:8080/expressions/
2016-05-01 11:29:30 INFO  ClientProperties:35 - http://localhost:8080/expressions/
2016-05-01 11:29:31 INFO  ClientProperties:35 - http://localhost:8080/expressions/
2016-05-01 11:29:31 INFO  ClientProperties:35 - http://localhost:8080/expressions/
2016-05-01 11:29:31 INFO  ClientProperties:35 - http://localhost:8080/expressions/
2016-05-01 11:31:04 INFO  ClientProperties:35 - http://localhost:8080/expressions/
2016-05-01 11:31:05 INFO  ClientProperties:35 - http://localhost:8080/expressions/
2016-05-01 11:31:05 INFO  ClientProperties:35 - http://localhost:8080/expressions/
2016-05-01 11:31:05 INFO  ClientProperties:35 - http://localhost:8080/expressions/
2016-05-01 11:32:01 INFO  ClientProperties:35 - http://localhost:8080/expressions/
2016-05-01 11:32:09 INFO  ClientProperties:35 - http://localhost:8080/expressions/
2016-05-01 11:32:21 INFO  ClientProperties:35 - http://localhost:8080/expressions/
2016-05-01 11:32:22 INFO  ClientProperties:35 - http://localhost:8080/expressions/
2016-05-01 11:32:22 INFO  ClientProperties:35 - http://localhost:8080/expressions/
2016-05-01 11:32:22 INFO  ClientProperties:35 - http://localhost:8080/expressions/
2016-05-01 11:32:39 INFO  ClientProperties:35 - http://localhost:8080/expressions/
2016-05-20 20:44:10 INFO  ClientProperties:35 - http://localhost:8080/expressions/
2016-05-20 20:44:13 INFO  ClientProperties:35 - http://localhost:8080/expressions/
2016-05-20 20:44:15 INFO  ClientProperties:35 - http://localhost:8080/expressions/
2016-05-20 23:00:00 INFO  ClientProperties:35 - http://localhost:8080/expressions/
2016-05-20 23:00:00 ERROR ClientApp:29 - JSON : {"expression":"+","nodes":[{"expression":"+"}]}
2016-05-20 23:00:01 ERROR ClientApp:31 - Tree : ExpressionNode {'+',[ExpressionNode {'+',null}]}
2016-05-20 23:38:31 INFO  ClientProperties:35 - http://localhost:8080/expressions/
2016-05-21 08:49:35 INFO  ServiceProperties:37 - http://localhost:8080/expressions/
2016-05-21 08:49:35 INFO  ServiceProperties:37 - http://localhost:8080/expressions/
2016-05-21 08:49:35 INFO  ServiceProperties:37 - http://localhost:8080/expressions/
2016-05-21 08:49:46 INFO  ServiceProperties:37 - http://localhost:8080/expressions/
2016-05-21 08:49:46 INFO  ServiceProperties:37 - http://localhost:8080/expressions/
2016-05-21 08:49:46 INFO  ServiceProperties:37 - http://localhost:8080/expressions/
2016-05-21 12:06:58 INFO  ClientProperties:35 - http://localhost:8080/expressions/
2016-05-21 12:06:58 ERROR ClientApp:29 - JSON : {"expression":"+","nodes":[{"expression":"+"}]}
2016-05-21 12:06:58 ERROR ClientApp:31 - Tree : ExpressionNode {'+',[ExpressionNode {'+',null}]}
2016-05-21 12:07:05 INFO  ClientProperties:35 - http://localhost:8080/expressions/
2016-05-21 12:07:05 ERROR ClientApp:29 - JSON : {"expression":"+","nodes":[{"expression":"+"}]}
2016-05-21 12:07:05 ERROR ClientApp:31 - Tree : ExpressionNode {'+',[ExpressionNode {'+',null}]}
2016-05-21 18:45:29 INFO  ClientProperties:35 - http://localhost:8080/expressions/
2016-05-21 18:45:31 INFO  ClientProperties:35 - http://localhost:8080/expressions/
2016-05-21 18:45:33 INFO  ClientProperties:35 - http://localhost:8080/expressions/
2016-05-21 19:27:43 INFO  ClientProperties:35 - http://localhost:8080/expressions/
2016-05-21 19:27:45 INFO  ClientProperties:35 - http://localhost:8080/expressions/
2016-05-21 19:27:47 INFO  ClientProperties:35 - http://localhost:8080/expressions/
2016-05-21 19:37:17 INFO  ClientProperties:35 - http://localhost:8080/expressions/
2016-05-21 19:37:19 INFO  ClientProperties:35 - http://localhost:8080/expressions/
2016-05-21 19:37:21 INFO  ClientProperties:35 - http://localhost:8080/expressions/
2016-05-21 19:46:36 INFO  ClientProperties:35 - http://localhost:8080/expressions/
2016-05-21 19:46:38 INFO  ClientProperties:35 - http://localhost:8080/expressions/
2016-05-21 19:46:41 INFO  ClientProperties:35 - http://localhost:8080/expressions/
2016-05-21 19:50:05 INFO  ClientProperties:35 - http://localhost:8080/expressions/
2016-05-21 19:50:08 INFO  ClientProperties:35 - http://localhost:8080/expressions/
2016-05-21 19:50:10 INFO  ClientProperties:35 - http://localhost:8080/expressions/
2016-05-21 20:08:37 INFO  ServiceProperties:37 - http://localhost:8080/expressions/
2016-05-21 20:08:38 INFO  ServerApp:56 - Jersey app started with WADL available at http://localhost:8080/expressions/application.wadl
Hit enter to stop it...
2016-05-21 20:29:37 INFO  ClientProperties:35 - http://localhost:8080/expressions/
2016-05-21 20:29:40 INFO  ClientProperties:35 - http://localhost:8080/expressions/
2016-05-21 20:29:42 INFO  ClientProperties:35 - http://localhost:8080/expressions/
2016-05-21 20:35:01 INFO  ClientProperties:35 - http://localhost:8080/expressions/
2016-05-21 20:35:03 INFO  ClientProperties:35 - http://localhost:8080/expressions/
2016-05-21 20:35:05 INFO  ClientProperties:35 - http://localhost:8080/expressions/
2016-05-21 20:35:30 INFO  ClientProperties:35 - http://localhost:8080/expressions/
2016-05-21 20:35:32 INFO  ClientProperties:35 - http://localhost:8080/expressions/
2016-05-21 20:35:34 INFO  ClientProperties:35 - http://localhost:8080/expressions/
2016-05-21 20:37:06 INFO  ClientProperties:35 - http://localhost:8080/expressions/
2016-05-21 20:37:08 INFO  ClientProperties:35 - http://localhost:8080/expressions/
2016-05-21 20:37:10 INFO  ClientProperties:35 - http://localhost:8080/expressions/
2016-05-21 20:39:47 INFO  ClientProperties:35 - http://localhost:8080/expressions/
2016-05-21 20:39:49 INFO  ClientProperties:35 - http://localhost:8080/expressions/
2016-05-21 20:39:51 INFO  ClientProperties:35 - http://localhost:8080/expressions/
2016-05-21 20:44:38 INFO  ServiceProperties:37 - http://localhost:8080/expressions/
2016-05-21 20:44:39 INFO  ServerApp:56 - Jersey app started with WADL available at http://localhost:8080/expressions/application.wadl
Hit enter to stop it...
2016-05-21 20:46:12 INFO  ServiceProperties:37 - http://localhost:8080/expressions/
2016-05-21 20:46:13 INFO  ServerApp:56 - Jersey app started with WADL available at http://localhost:8080/expressions/application.wadl
Hit enter to stop it...
2016-05-21 20:46:28 INFO  ClientProperties:35 - http://localhost:8080/expressions/
2016-05-21 20:46:30 INFO  ServiceProperties:37 - http://localhost:8080/expressions/
2016-05-21 20:46:31 INFO  ServerApp:56 - Jersey app started with WADL available at http://localhost:8080/expressions/application.wadl
Hit enter to stop it...
2016-05-21 20:46:31 INFO  ClientProperties:35 - http://localhost:8080/expressions/
2016-05-21 20:46:33 INFO  ServiceProperties:37 - http://localhost:8080/expressions/
2016-05-21 20:46:33 INFO  ServerApp:56 - Jersey app started with WADL available at http://localhost:8080/expressions/application.wadl
Hit enter to stop it...
2016-05-21 20:46:33 INFO  ClientProperties:35 - http://localhost:8080/expressions/
2016-05-21 20:46:37 INFO  ClientProperties:35 - http://localhost:8080/expressions/
2016-05-21 20:46:39 INFO  ClientProperties:35 - http://localhost:8080/expressions/
2016-05-21 20:46:42 INFO  ClientProperties:35 - http://localhost:8080/expressions/
2016-05-21 20:55:55 INFO  ServiceProperties:37 - http://localhost:8080/expressions/
2016-05-21 20:55:56 INFO  ClientProperties:35 - http://localhost:8080/expressions/
2016-05-21 20:55:58 INFO  ServiceProperties:37 - http://localhost:8080/expressions/
2016-05-21 20:55:59 INFO  ClientProperties:35 - http://localhost:8080/expressions/
2016-05-21 20:56:01 INFO  ServiceProperties:37 - http://localhost:8080/expressions/
2016-05-21 20:56:01 INFO  ClientProperties:35 - http://localhost:8080/expressions/
2016-05-21 20:57:27 INFO  ClientProperties:35 - http://localhost:8080/expressions/
2016-05-21 21:24:26 INFO  ServiceProperties:37 - http://localhost:8080/expressions/
2016-05-21 21:24:32 INFO  ClientProperties:35 - http://localhost:8080/expressions/
2016-05-21 21:24:35 INFO  ServiceProperties:37 - http://localhost:8080/expressions/
2016-05-21 21:24:40 INFO  ClientProperties:35 - http://localhost:8080/expressions/
2016-05-21 21:24:42 INFO  ServiceProperties:37 - http://localhost:8080/expressions/
2016-05-21 21:24:48 INFO  ClientProperties:35 - http://localhost:8080/expressions/
2016-05-23 20:39:41 INFO  ClientProperties:35 - http://localhost:8080/expressions/
2016-05-23 20:39:41 ERROR ClientApp:29 - JSON : {"expression":"+","nodes":[{"expression":"+"}]}
2016-05-23 20:39:41 ERROR ClientApp:31 - Tree : ExpressionNode {'+',[ExpressionNode {'+',null}]}
2016-05-23 22:12:41 INFO  ClientProperties:35 - http://localhost:8080/expressions/
2016-05-23 22:12:43 INFO  ClientProperties:35 - http://localhost:8080/expressions/
2016-05-23 22:12:45 INFO  ClientProperties:35 - http://localhost:8080/expressions/
2016-05-23 22:18:03 INFO  ClientProperties:35 - http://localhost:8080/expressions/
2016-05-23 22:18:05 INFO  ClientProperties:35 - http://localhost:8080/expressions/
2016-05-23 22:18:07 INFO  ClientProperties:35 - http://localhost:8080/expressions/
2016-05-23 22:19:02 INFO  ClientProperties:35 - http://localhost:8080/expressions/
2016-05-23 22:19:31 INFO  ClientProperties:35 - http://localhost:8080/expressions/
2016-05-23 22:19:34 INFO  ClientProperties:35 - http://localhost:8080/expressions/
2016-05-23 22:19:36 INFO  ClientProperties:35 - http://localhost:8080/expressions/
2016-05-23 22:23:54 INFO  ClientProperties:35 - http://localhost:8080/expressions/
2016-05-23 22:23:57 INFO  ClientProperties:35 - http://localhost:8080/expressions/
2016-05-23 22:23:59 INFO  ClientProperties:35 - http://localhost:8080/expressions/
2016-05-23 22:24:03 INFO  ClientProperties:35 - http://localhost:8080/expressions/
2016-05-23 22:24:06 INFO  ClientProperties:35 - http://localhost:8080/expressions/
2016-05-23 22:24:08 INFO  ClientProperties:35 - http://localhost:8080/expressions/
2016-05-23 22:24:28 INFO  ClientProperties:35 - http://localhost:8080/expressions/
2016-05-23 22:30:36 INFO  ClientProperties:35 - http://localhost:8080/expressions/
2016-05-23 22:30:37 INFO  ServiceProperties:37 - http://localhost:8080/expressions/
2016-05-23 22:32:48 INFO  ClientProperties:35 - http://localhost:8080/expressions/
2016-05-23 22:32:48 INFO  ServiceProperties:37 - http://localhost:8080/expressions/
2016-05-23 22:33:07 INFO  ClientProperties:35 - http://localhost:8080/expressions/
2016-05-23 22:33:07 INFO  ServiceProperties:37 - http://localhost:8080/expressions/
2016-05-23 22:33:07 INFO  ClientProperties:35 - http://localhost:8080/expressions/
2016-05-23 22:33:07 INFO  ServiceProperties:37 - http://localhost:8080/expressions/
2016-05-23 22:33:10 INFO  ClientProperties:35 - http://localhost:8080/expressions/
2016-05-23 22:33:10 INFO  ServiceProperties:37 - http://localhost:8080/expressions/
2016-05-23 22:33:11 INFO  ClientProperties:35 - http://localhost:8080/expressions/
2016-05-23 22:33:11 INFO  ServiceProperties:37 - http://localhost:8080/expressions/
2016-05-23 22:33:11 INFO  ClientProperties:35 - http://localhost:8080/expressions/
2016-05-24 11:16:32 INFO  ClientProperties:35 - http://localhost:8080/expressions/
2016-05-24 11:16:32 INFO  ServiceProperties:37 - http://localhost:8080/expressions/
2016-05-24 11:16:33 INFO  ServerApp:36 - Jersey app started with WADL available at http://localhost:8080/expressions/application.wadl
Hit enter to stop it...
2016-05-24 11:17:00 INFO  ClientProperties:35 - http://localhost:8080/expressions/
2016-05-24 11:17:02 INFO  ServiceProperties:37 - http://localhost:8080/expressions/
2016-05-24 11:17:05 INFO  ServerApp:36 - Jersey app started with WADL available at http://localhost:8080/expressions/application.wadl
Hit enter to stop it...
2016-05-24 11:18:01 INFO  ClientProperties:35 - http://localhost:8080/expressions/
2016-05-24 11:18:01 INFO  ServiceProperties:37 - http://localhost:8080/expressions/
2016-05-24 11:18:02 INFO  ServerApp:36 - Jersey app started with WADL available at http://localhost:8080/expressions/application.wadl
Hit enter to stop it...
2016-05-24 11:22:35 INFO  ClientProperties:35 - http://localhost:8080/expressions/
2016-05-24 11:22:35 INFO  ServiceProperties:37 - http://localhost:8080/expressions/
2016-05-24 11:22:36 INFO  ServerApp:36 - Jersey app started with WADL available at http://localhost:8080/expressions/application.wadl
Hit enter to stop it...
2016-05-24 11:22:36 INFO  JsonExpressionHandler:60 - json: {"expression":"+","nodes":[{"expression":"+"}]}
2016-05-24 11:22:36 ERROR ClientApp:44 - JSON : {"expression":"+","nodes":[{"expression":"+"}]}
2016-05-24 11:22:36 ERROR ClientApp:46 - Tree : ExpressionNode {'+',[ExpressionNode {'+',null}]}
2016-05-24 11:22:36 ERROR ServerApp:46 - Error when stopping server...
2016-05-24 11:22:36 INFO  ServerApp:39 - Stopping server...
2016-05-24 13:22:38 INFO  ClientProperties:29 - http://localhost:8080/expressions/
2016-05-24 13:22:38 INFO  ServiceProperties:42 - http://localhost:8080/expressions/
2016-05-24 13:22:39 INFO  ServerApp:36 - Jersey app started with WADL available at http://localhost:8080/expressions/application.wadl
Hit enter to stop it...
2016-05-24 13:22:39 INFO  JsonExpressionHandler:60 - json: {"expression":"+","nodes":[{"expression":"+"}]}
2016-05-24 13:22:39 ERROR ClientApp:44 - JSON : {"expression":"+","nodes":[{"expression":"+"}]}
2016-05-24 13:22:39 ERROR ClientApp:46 - Tree : ExpressionNode {'+',[ExpressionNode {'+',null}]}
2016-05-24 13:22:39 ERROR ServerApp:46 - Error when stopping server...
2016-05-24 13:22:39 INFO  ServerApp:39 - Stopping server...
2016-05-24 13:26:50 INFO  ClientProperties:42 - http://localhost:8080/expressions/
2016-05-24 13:26:50 INFO  ClientProperties:47 - http://localhost:8080/expressions/
2016-05-24 13:34:21 INFO  ClientProperties:42 - http://localhost:8080/expressions/
2016-05-24 13:34:21 INFO  ClientProperties:47 - http://localhost:8080/expressions/
2016-05-24 13:34:21 INFO  ServiceProperties:42 - http://localhost:8080/expressions/
2016-05-24 13:34:22 INFO  ServerApp:36 - Jersey app started with WADL available at http://localhost:8080/expressions/application.wadl
Hit enter to stop it...
2016-05-24 13:34:23 INFO  JsonExpressionHandler:60 - json: {"expression":"(+)","nodes":[{"expression":"("},{"expression":"+","nodes":[{"expression":"+"}]},{"expression":")"}]}
2016-05-24 13:34:23 INFO  ClientProperties:42 - http://localhost:8080/expressions/
2016-05-24 13:34:23 INFO  ClientProperties:47 - http://localhost:8080/expressions/
2016-05-24 13:34:23 INFO  ServiceProperties:42 - http://localhost:8080/expressions/
2016-05-24 13:34:23 ERROR JsonExpressionHandler:52 - failed to parse at line 1 due to mismatched input '\r\n' expecting {'*', '/', '+', '-', '--', '(', ')'}
org.antlr.v4.runtime.InputMismatchException
	at org.antlr.v4.runtime.DefaultErrorStrategy.sync(DefaultErrorStrategy.java:268)
	at ru.yandex.grammatic.CalculatorParser.arithmetic_expr(CalculatorParser.java:339)
	at ru.yandex.grammatic.CalculatorParser.arithmetic_expr(CalculatorParser.java:408)
	at ru.yandex.grammatic.CalculatorParser.arithmetic_expr(CalculatorParser.java:350)
	at ru.yandex.grammatic.CalculatorParser.single_rule(CalculatorParser.java:172)
	at ru.yandex.grammatic.CalculatorParser.prog(CalculatorParser.java:118)
	at ru.yandex.core.JsonExpressionHandler.getJsonTreeFromExpression(JsonExpressionHandler.java:57)
	at ru.yandex.expressionservice.ExpressionService.getTree(ExpressionService.java:27)
	at sun.reflect.NativeMethodAccessorImpl.invoke0(Native Method)
	at sun.reflect.NativeMethodAccessorImpl.invoke(NativeMethodAccessorImpl.java:62)
	at sun.reflect.DelegatingMethodAccessorImpl.invoke(DelegatingMethodAccessorImpl.java:43)
	at java.lang.reflect.Method.invoke(Method.java:497)
	at org.glassfish.jersey.server.model.internal.ResourceMethodInvocationHandlerFactory$1.invoke(ResourceMethodInvocationHandlerFactory.java:81)
	at org.glassfish.jersey.server.model.internal.AbstractJavaResourceMethodDispatcher$1.run(AbstractJavaResourceMethodDispatcher.java:151)
	at org.glassfish.jersey.server.model.internal.AbstractJavaResourceMethodDispatcher.invoke(AbstractJavaResourceMethodDispatcher.java:171)
	at org.glassfish.jersey.server.model.internal.JavaResourceMethodDispatcherProvider$TypeOutInvoker.doDispatch(JavaResourceMethodDispatcherProvider.java:195)
	at org.glassfish.jersey.server.model.internal.AbstractJavaResourceMethodDispatcher.dispatch(AbstractJavaResourceMethodDispatcher.java:104)
	at org.glassfish.jersey.server.model.ResourceMethodInvoker.invoke(ResourceMethodInvoker.java:406)
	at org.glassfish.jersey.server.model.ResourceMethodInvoker.apply(ResourceMethodInvoker.java:350)
	at org.glassfish.jersey.server.model.ResourceMethodInvoker.apply(ResourceMethodInvoker.java:106)
	at org.glassfish.jersey.server.ServerRuntime$1.run(ServerRuntime.java:259)
	at org.glassfish.jersey.internal.Errors$1.call(Errors.java:271)
	at org.glassfish.jersey.internal.Errors$1.call(Errors.java:267)
	at org.glassfish.jersey.internal.Errors.process(Errors.java:315)
	at org.glassfish.jersey.internal.Errors.process(Errors.java:297)
	at org.glassfish.jersey.internal.Errors.process(Errors.java:267)
	at org.glassfish.jersey.process.internal.RequestScope.runInScope(RequestScope.java:320)
	at org.glassfish.jersey.server.ServerRuntime.process(ServerRuntime.java:236)
	at org.glassfish.jersey.server.ApplicationHandler.handle(ApplicationHandler.java:1028)
	at org.glassfish.jersey.grizzly2.httpserver.GrizzlyHttpContainer.service(GrizzlyHttpContainer.java:363)
	at org.glassfish.grizzly.http.server.HttpHandler$1.run(HttpHandler.java:217)
	at org.glassfish.grizzly.threadpool.AbstractThreadPool$Worker.doWork(AbstractThreadPool.java:565)
	at org.glassfish.grizzly.threadpool.AbstractThreadPool$Worker.run(AbstractThreadPool.java:545)
	at java.lang.Thread.run(Thread.java:745)
2016-05-24 13:34:23 ERROR ExpressionService:31 - 400: Bad Requestfailed to parse at line 1 due to mismatched input '\r\n' expecting {'*', '/', '+', '-', '--', '(', ')'}
2016-05-24 13:34:23 INFO  ClientProperties:42 - http://localhost:8080/expressions/
2016-05-24 13:34:23 INFO  ClientProperties:47 - http://localhost:8080/expressions/
2016-05-24 13:34:23 INFO  ServiceProperties:42 - http://localhost:8080/expressions/
2016-05-24 13:34:23 INFO  JsonExpressionHandler:60 - json: {"expression":"(+)","nodes":[{"expression":"("},{"expression":"+","nodes":[{"expression":"+"}]},{"expression":")"}]}
2016-05-24 13:34:23 INFO  ServerApp:39 - Stopping server...
2016-05-24 13:35:38 INFO  ClientProperties:42 - http://localhost:8080/expressions/
2016-05-24 13:35:38 INFO  ClientProperties:47 - http://localhost:8080/expressions/
2016-05-24 13:35:38 INFO  ClientProperties:42 - http://localhost:8080/expressions/
2016-05-24 13:35:38 INFO  ClientProperties:47 - http://localhost:8080/expressions/
2016-05-24 13:35:38 INFO  ServiceProperties:42 - http://localhost:8080/expressions/
2016-05-24 13:35:39 INFO  ServerApp:36 - Jersey app started with WADL available at http://localhost:8080/expressions/application.wadl
Hit enter to stop it...
2016-05-24 13:35:39 INFO  JsonExpressionHandler:60 - json: {"expression":"(+)","nodes":[{"expression":"("},{"expression":"+","nodes":[{"expression":"+"}]},{"expression":")"}]}
2016-05-24 13:35:39 INFO  ClientProperties:42 - http://localhost:8080/expressions/
2016-05-24 13:35:39 INFO  ClientProperties:47 - http://localhost:8080/expressions/
2016-05-24 13:35:39 INFO  ServiceProperties:42 - http://localhost:8080/expressions/
2016-05-24 13:35:39 ERROR JsonExpressionHandler:52 - failed to parse at line 1 due to mismatched input '\r\n' expecting {'*', '/', '+', '-', '--', '(', ')'}
org.antlr.v4.runtime.InputMismatchException
	at org.antlr.v4.runtime.DefaultErrorStrategy.sync(DefaultErrorStrategy.java:268)
	at ru.yandex.grammatic.CalculatorParser.arithmetic_expr(CalculatorParser.java:339)
	at ru.yandex.grammatic.CalculatorParser.arithmetic_expr(CalculatorParser.java:408)
	at ru.yandex.grammatic.CalculatorParser.arithmetic_expr(CalculatorParser.java:350)
	at ru.yandex.grammatic.CalculatorParser.single_rule(CalculatorParser.java:172)
	at ru.yandex.grammatic.CalculatorParser.prog(CalculatorParser.java:118)
	at ru.yandex.core.JsonExpressionHandler.getJsonTreeFromExpression(JsonExpressionHandler.java:57)
	at ru.yandex.expressionservice.ExpressionService.getTree(ExpressionService.java:27)
	at sun.reflect.NativeMethodAccessorImpl.invoke0(Native Method)
	at sun.reflect.NativeMethodAccessorImpl.invoke(NativeMethodAccessorImpl.java:62)
	at sun.reflect.DelegatingMethodAccessorImpl.invoke(DelegatingMethodAccessorImpl.java:43)
	at java.lang.reflect.Method.invoke(Method.java:497)
	at org.glassfish.jersey.server.model.internal.ResourceMethodInvocationHandlerFactory$1.invoke(ResourceMethodInvocationHandlerFactory.java:81)
	at org.glassfish.jersey.server.model.internal.AbstractJavaResourceMethodDispatcher$1.run(AbstractJavaResourceMethodDispatcher.java:151)
	at org.glassfish.jersey.server.model.internal.AbstractJavaResourceMethodDispatcher.invoke(AbstractJavaResourceMethodDispatcher.java:171)
	at org.glassfish.jersey.server.model.internal.JavaResourceMethodDispatcherProvider$TypeOutInvoker.doDispatch(JavaResourceMethodDispatcherProvider.java:195)
	at org.glassfish.jersey.server.model.internal.AbstractJavaResourceMethodDispatcher.dispatch(AbstractJavaResourceMethodDispatcher.java:104)
	at org.glassfish.jersey.server.model.ResourceMethodInvoker.invoke(ResourceMethodInvoker.java:406)
	at org.glassfish.jersey.server.model.ResourceMethodInvoker.apply(ResourceMethodInvoker.java:350)
	at org.glassfish.jersey.server.model.ResourceMethodInvoker.apply(ResourceMethodInvoker.java:106)
	at org.glassfish.jersey.server.ServerRuntime$1.run(ServerRuntime.java:259)
	at org.glassfish.jersey.internal.Errors$1.call(Errors.java:271)
	at org.glassfish.jersey.internal.Errors$1.call(Errors.java:267)
	at org.glassfish.jersey.internal.Errors.process(Errors.java:315)
	at org.glassfish.jersey.internal.Errors.process(Errors.java:297)
	at org.glassfish.jersey.internal.Errors.process(Errors.java:267)
	at org.glassfish.jersey.process.internal.RequestScope.runInScope(RequestScope.java:320)
	at org.glassfish.jersey.server.ServerRuntime.process(ServerRuntime.java:236)
	at org.glassfish.jersey.server.ApplicationHandler.handle(ApplicationHandler.java:1028)
	at org.glassfish.jersey.grizzly2.httpserver.GrizzlyHttpContainer.service(GrizzlyHttpContainer.java:363)
	at org.glassfish.grizzly.http.server.HttpHandler$1.run(HttpHandler.java:217)
	at org.glassfish.grizzly.threadpool.AbstractThreadPool$Worker.doWork(AbstractThreadPool.java:565)
	at org.glassfish.grizzly.threadpool.AbstractThreadPool$Worker.run(AbstractThreadPool.java:545)
	at java.lang.Thread.run(Thread.java:745)
2016-05-24 13:35:39 ERROR ExpressionService:31 - 400: Bad Requestfailed to parse at line 1 due to mismatched input '\r\n' expecting {'*', '/', '+', '-', '--', '(', ')'}
2016-05-24 13:35:39 INFO  ClientProperties:42 - http://localhost:8080/expressions/
2016-05-24 13:35:39 INFO  ClientProperties:47 - http://localhost:8080/expressions/
2016-05-24 13:35:39 INFO  ServiceProperties:42 - http://localhost:8080/expressions/
2016-05-24 13:35:39 INFO  JsonExpressionHandler:60 - json: {"expression":"(+)","nodes":[{"expression":"("},{"expression":"+","nodes":[{"expression":"+"}]},{"expression":")"}]}
2016-05-24 13:35:39 INFO  ServerApp:39 - Stopping server...
2016-05-24 13:39:47 INFO  ClientProperties:42 - http://localhost:8080/expressions/
2016-05-24 13:39:47 INFO  ClientProperties:47 - http://localhost:8080/expressions/
2016-05-24 13:39:48 INFO  ClientProperties:42 - http://localhost:8080/expressions/
2016-05-24 13:39:48 INFO  ClientProperties:47 - http://localhost:8080/expressions/
2016-05-24 13:39:48 INFO  ServiceProperties:42 - http://localhost:8080/expressions/
2016-05-24 13:39:48 INFO  ServerApp:36 - Jersey app started with WADL available at http://localhost:8080/expressions/application.wadl
Hit enter to stop it...
2016-05-24 13:39:49 INFO  JsonExpressionHandler:60 - json: {"expression":"(+)","nodes":[{"expression":"("},{"expression":"+","nodes":[{"expression":"+"}]},{"expression":")"}]}
2016-05-24 13:39:49 INFO  ClientProperties:42 - http://localhost:8080/expressions/
2016-05-24 13:39:49 INFO  ClientProperties:47 - http://localhost:8080/expressions/
2016-05-24 13:39:49 INFO  ServiceProperties:42 - http://localhost:8080/expressions/
2016-05-24 13:39:49 ERROR JsonExpressionHandler:52 - failed to parse at line 1 due to mismatched input '\r\n' expecting {'*', '/', '+', '-', '--', '(', ')'}
org.antlr.v4.runtime.InputMismatchException
	at org.antlr.v4.runtime.DefaultErrorStrategy.sync(DefaultErrorStrategy.java:268)
	at ru.yandex.grammatic.CalculatorParser.arithmetic_expr(CalculatorParser.java:339)
	at ru.yandex.grammatic.CalculatorParser.arithmetic_expr(CalculatorParser.java:408)
	at ru.yandex.grammatic.CalculatorParser.arithmetic_expr(CalculatorParser.java:350)
	at ru.yandex.grammatic.CalculatorParser.single_rule(CalculatorParser.java:172)
	at ru.yandex.grammatic.CalculatorParser.prog(CalculatorParser.java:118)
	at ru.yandex.core.JsonExpressionHandler.getJsonTreeFromExpression(JsonExpressionHandler.java:57)
	at ru.yandex.expressionservice.ExpressionService.getTree(ExpressionService.java:27)
	at sun.reflect.NativeMethodAccessorImpl.invoke0(Native Method)
	at sun.reflect.NativeMethodAccessorImpl.invoke(NativeMethodAccessorImpl.java:62)
	at sun.reflect.DelegatingMethodAccessorImpl.invoke(DelegatingMethodAccessorImpl.java:43)
	at java.lang.reflect.Method.invoke(Method.java:497)
	at org.glassfish.jersey.server.model.internal.ResourceMethodInvocationHandlerFactory$1.invoke(ResourceMethodInvocationHandlerFactory.java:81)
	at org.glassfish.jersey.server.model.internal.AbstractJavaResourceMethodDispatcher$1.run(AbstractJavaResourceMethodDispatcher.java:151)
	at org.glassfish.jersey.server.model.internal.AbstractJavaResourceMethodDispatcher.invoke(AbstractJavaResourceMethodDispatcher.java:171)
	at org.glassfish.jersey.server.model.internal.JavaResourceMethodDispatcherProvider$TypeOutInvoker.doDispatch(JavaResourceMethodDispatcherProvider.java:195)
	at org.glassfish.jersey.server.model.internal.AbstractJavaResourceMethodDispatcher.dispatch(AbstractJavaResourceMethodDispatcher.java:104)
	at org.glassfish.jersey.server.model.ResourceMethodInvoker.invoke(ResourceMethodInvoker.java:406)
	at org.glassfish.jersey.server.model.ResourceMethodInvoker.apply(ResourceMethodInvoker.java:350)
	at org.glassfish.jersey.server.model.ResourceMethodInvoker.apply(ResourceMethodInvoker.java:106)
	at org.glassfish.jersey.server.ServerRuntime$1.run(ServerRuntime.java:259)
	at org.glassfish.jersey.internal.Errors$1.call(Errors.java:271)
	at org.glassfish.jersey.internal.Errors$1.call(Errors.java:267)
	at org.glassfish.jersey.internal.Errors.process(Errors.java:315)
	at org.glassfish.jersey.internal.Errors.process(Errors.java:297)
	at org.glassfish.jersey.internal.Errors.process(Errors.java:267)
	at org.glassfish.jersey.process.internal.RequestScope.runInScope(RequestScope.java:320)
	at org.glassfish.jersey.server.ServerRuntime.process(ServerRuntime.java:236)
	at org.glassfish.jersey.server.ApplicationHandler.handle(ApplicationHandler.java:1028)
	at org.glassfish.jersey.grizzly2.httpserver.GrizzlyHttpContainer.service(GrizzlyHttpContainer.java:363)
	at org.glassfish.grizzly.http.server.HttpHandler$1.run(HttpHandler.java:217)
	at org.glassfish.grizzly.threadpool.AbstractThreadPool$Worker.doWork(AbstractThreadPool.java:565)
	at org.glassfish.grizzly.threadpool.AbstractThreadPool$Worker.run(AbstractThreadPool.java:545)
	at java.lang.Thread.run(Thread.java:745)
2016-05-24 13:39:49 ERROR ExpressionService:31 - 400: Bad Requestfailed to parse at line 1 due to mismatched input '\r\n' expecting {'*', '/', '+', '-', '--', '(', ')'}
2016-05-24 13:39:49 INFO  ClientProperties:42 - http://localhost:8080/expressions/
2016-05-24 13:39:49 INFO  ClientProperties:47 - http://localhost:8080/expressions/
2016-05-24 13:39:49 INFO  JsonExpressionHandler:60 - json: {"expression":"(+)","nodes":[{"expression":"("},{"expression":"+","nodes":[{"expression":"+"}]},{"expression":")"}]}
2016-05-24 13:39:49 INFO  ServiceProperties:42 - http://localhost:8080/expressions/
2016-05-24 13:39:49 INFO  ServerApp:39 - Stopping server...
